Analysis & Synthesis report for upravitelj
Fri Jun 16 14:04:13 2023
Quartus II 64-Bit Version 13.0.1 Build 232 06/12/2013 Service Pack 1 SJ Web Edition


---------------------
; Table of Contents ;
---------------------
  1. Legal Notice
  2. Analysis & Synthesis Summary
  3. Analysis & Synthesis Settings
  4. Parallel Compilation
  5. Analysis & Synthesis Source Files Read
  6. Analysis & Synthesis Resource Usage Summary
  7. Analysis & Synthesis Resource Utilization by Entity
  8. State Machine - |upravitelj|state
  9. User-Specified and Inferred Latches
 10. Registers Removed During Synthesis
 11. General Register Statistics
 12. Inverted Register Statistics
 13. Multiplexer Restructuring Statistics (Restructuring Performed)
 14. Parameter Settings for Inferred Entity Instance: lpm_divide:Mod0
 15. Parameter Settings for Inferred Entity Instance: lpm_divide:Div0
 16. Parameter Settings for Inferred Entity Instance: sonic:za_sonica|lpm_divide:Div0
 17. Elapsed Time Per Partition
 18. Analysis & Synthesis Messages



----------------
; Legal Notice ;
----------------
Copyright (C) 1991-2013 Altera Corporation
Your use of Altera Corporation's design tools, logic functions 
and other software and tools, and its AMPP partner logic 
functions, and any output files from any of the foregoing 
(including device programming or simulation files), and any 
associated documentation or information are expressly subject 
to the terms and conditions of the Altera Program License 
Subscription Agreement, Altera MegaCore Function License 
Agreement, or other applicable license agreement, including, 
without limitation, that your use is for the sole purpose of 
programming logic devices manufactured by Altera and sold by 
Altera or its authorized distributors.  Please refer to the 
applicable agreement for further details.



+--------------------------------------------------------------------------------------+
; Analysis & Synthesis Summary                                                         ;
+------------------------------------+-------------------------------------------------+
; Analysis & Synthesis Status        ; Successful - Fri Jun 16 14:04:12 2023           ;
; Quartus II 64-Bit Version          ; 13.0.1 Build 232 06/12/2013 SP 1 SJ Web Edition ;
; Revision Name                      ; upravitelj                                      ;
; Top-level Entity Name              ; upravitelj                                      ;
; Family                             ; Cyclone II                                      ;
; Total logic elements               ; 3,623                                           ;
;     Total combinational functions  ; 3,623                                           ;
;     Dedicated logic registers      ; 345                                             ;
; Total registers                    ; 345                                             ;
; Total pins                         ; 41                                              ;
; Total virtual pins                 ; 0                                               ;
; Total memory bits                  ; 0                                               ;
; Embedded Multiplier 9-bit elements ; 0                                               ;
; Total PLLs                         ; 0                                               ;
+------------------------------------+-------------------------------------------------+


+----------------------------------------------------------------------------------------------------------------------+
; Analysis & Synthesis Settings                                                                                        ;
+----------------------------------------------------------------------------+--------------------+--------------------+
; Option                                                                     ; Setting            ; Default Value      ;
+----------------------------------------------------------------------------+--------------------+--------------------+
; Device                                                                     ; EP2C70F896C6       ;                    ;
; Top-level entity name                                                      ; upravitelj         ; upravitelj         ;
; Family name                                                                ; Cyclone II         ; Cyclone IV GX      ;
; Use smart compilation                                                      ; Off                ; Off                ;
; Enable parallel Assembler and TimeQuest Timing Analyzer during compilation ; On                 ; On                 ;
; Enable compact report table                                                ; Off                ; Off                ;
; Restructure Multiplexers                                                   ; Auto               ; Auto               ;
; Create Debugging Nodes for IP Cores                                        ; Off                ; Off                ;
; Preserve fewer node names                                                  ; On                 ; On                 ;
; Disable OpenCore Plus hardware evaluation                                  ; Off                ; Off                ;
; Verilog Version                                                            ; Verilog_2001       ; Verilog_2001       ;
; VHDL Version                                                               ; VHDL_1993          ; VHDL_1993          ;
; State Machine Processing                                                   ; Auto               ; Auto               ;
; Safe State Machine                                                         ; Off                ; Off                ;
; Extract Verilog State Machines                                             ; On                 ; On                 ;
; Extract VHDL State Machines                                                ; On                 ; On                 ;
; Ignore Verilog initial constructs                                          ; Off                ; Off                ;
; Iteration limit for constant Verilog loops                                 ; 5000               ; 5000               ;
; Iteration limit for non-constant Verilog loops                             ; 250                ; 250                ;
; Add Pass-Through Logic to Inferred RAMs                                    ; On                 ; On                 ;
; Infer RAMs from Raw Logic                                                  ; On                 ; On                 ;
; Parallel Synthesis                                                         ; On                 ; On                 ;
; DSP Block Balancing                                                        ; Auto               ; Auto               ;
; NOT Gate Push-Back                                                         ; On                 ; On                 ;
; Power-Up Don't Care                                                        ; On                 ; On                 ;
; Remove Redundant Logic Cells                                               ; Off                ; Off                ;
; Remove Duplicate Registers                                                 ; On                 ; On                 ;
; Ignore CARRY Buffers                                                       ; Off                ; Off                ;
; Ignore CASCADE Buffers                                                     ; Off                ; Off                ;
; Ignore GLOBAL Buffers                                                      ; Off                ; Off                ;
; Ignore ROW GLOBAL Buffers                                                  ; Off                ; Off                ;
; Ignore LCELL Buffers                                                       ; Off                ; Off                ;
; Ignore SOFT Buffers                                                        ; On                 ; On                 ;
; Limit AHDL Integers to 32 Bits                                             ; Off                ; Off                ;
; Optimization Technique                                                     ; Balanced           ; Balanced           ;
; Carry Chain Length                                                         ; 70                 ; 70                 ;
; Auto Carry Chains                                                          ; On                 ; On                 ;
; Auto Open-Drain Pins                                                       ; On                 ; On                 ;
; Perform WYSIWYG Primitive Resynthesis                                      ; Off                ; Off                ;
; Auto ROM Replacement                                                       ; On                 ; On                 ;
; Auto RAM Replacement                                                       ; On                 ; On                 ;
; Auto Shift Register Replacement                                            ; Auto               ; Auto               ;
; Allow Shift Register Merging across Hierarchies                            ; Auto               ; Auto               ;
; Auto Clock Enable Replacement                                              ; On                 ; On                 ;
; Strict RAM Replacement                                                     ; Off                ; Off                ;
; Allow Synchronous Control Signals                                          ; On                 ; On                 ;
; Force Use of Synchronous Clear Signals                                     ; Off                ; Off                ;
; Auto RAM to Logic Cell Conversion                                          ; Off                ; Off                ;
; Auto Resource Sharing                                                      ; Off                ; Off                ;
; Allow Any RAM Size For Recognition                                         ; Off                ; Off                ;
; Allow Any ROM Size For Recognition                                         ; Off                ; Off                ;
; Allow Any Shift Register Size For Recognition                              ; Off                ; Off                ;
; Use LogicLock Constraints during Resource Balancing                        ; On                 ; On                 ;
; Ignore translate_off and synthesis_off directives                          ; Off                ; Off                ;
; Timing-Driven Synthesis                                                    ; Off                ; Off                ;
; Report Parameter Settings                                                  ; On                 ; On                 ;
; Report Source Assignments                                                  ; On                 ; On                 ;
; Report Connectivity Checks                                                 ; On                 ; On                 ;
; Ignore Maximum Fan-Out Assignments                                         ; Off                ; Off                ;
; Synchronization Register Chain Length                                      ; 2                  ; 2                  ;
; PowerPlay Power Optimization                                               ; Normal compilation ; Normal compilation ;
; HDL message level                                                          ; Level2             ; Level2             ;
; Suppress Register Optimization Related Messages                            ; Off                ; Off                ;
; Number of Removed Registers Reported in Synthesis Report                   ; 5000               ; 5000               ;
; Number of Swept Nodes Reported in Synthesis Report                         ; 5000               ; 5000               ;
; Number of Inverted Registers Reported in Synthesis Report                  ; 100                ; 100                ;
; Clock MUX Protection                                                       ; On                 ; On                 ;
; Auto Gated Clock Conversion                                                ; Off                ; Off                ;
; Block Design Naming                                                        ; Auto               ; Auto               ;
; SDC constraint protection                                                  ; Off                ; Off                ;
; Synthesis Effort                                                           ; Auto               ; Auto               ;
; Shift Register Replacement - Allow Asynchronous Clear Signal               ; On                 ; On                 ;
; Pre-Mapping Resynthesis Optimization                                       ; Off                ; Off                ;
; Analysis & Synthesis Message Level                                         ; Medium             ; Medium             ;
; Disable Register Merging Across Hierarchies                                ; Auto               ; Auto               ;
; Resource Aware Inference For Block RAM                                     ; On                 ; On                 ;
; Synthesis Seed                                                             ; 1                  ; 1                  ;
+----------------------------------------------------------------------------+--------------------+--------------------+


Parallel compilation was disabled, but you have multiple processors available. Enable parallel compilation to reduce compilation time.
+-------------------------------------+
; Parallel Compilation                ;
+----------------------------+--------+
; Processors                 ; Number ;
+----------------------------+--------+
; Number detected on machine ; 4      ;
; Maximum allowed            ; 1      ;
+----------------------------+--------+


+------------------------------------------------------------------------------------------------------------------------------------------------------------------------------+
; Analysis & Synthesis Source Files Read                                                                                                                                       ;
+----------------------------------+-----------------+------------------------------+--------------------------------------------------------------------------------+---------+
; File Name with User-Entered Path ; Used in Netlist ; File Type                    ; File Name with Absolute Path                                                   ; Library ;
+----------------------------------+-----------------+------------------------------+--------------------------------------------------------------------------------+---------+
; sonic.vhd                        ; yes             ; User VHDL File               ; C:/Users/Merjem/Desktop/3. godina/PSDS/projekat/finalni/sonic.vhd              ;         ;
; buzzer.vhd                       ; yes             ; User VHDL File               ; C:/Users/Merjem/Desktop/3. godina/PSDS/projekat/finalni/buzzer.vhd             ;         ;
; buraz.vhd                        ; yes             ; User VHDL File               ; C:/Users/Merjem/Desktop/3. godina/PSDS/projekat/finalni/buraz.vhd              ;         ;
; seg7.vhd                         ; yes             ; User VHDL File               ; C:/Users/Merjem/Desktop/3. godina/PSDS/projekat/finalni/seg7.vhd               ;         ;
; ROM.vhd                          ; yes             ; User VHDL File               ; C:/Users/Merjem/Desktop/3. godina/PSDS/projekat/finalni/ROM.vhd                ;         ;
; upravitelj.vhd                   ; yes             ; User VHDL File               ; C:/Users/Merjem/Desktop/3. godina/PSDS/projekat/finalni/upravitelj.vhd         ;         ;
; lpm_divide.tdf                   ; yes             ; Megafunction                 ; c:/altera/13.0sp1/quartus/libraries/megafunctions/lpm_divide.tdf               ;         ;
; abs_divider.inc                  ; yes             ; Megafunction                 ; c:/altera/13.0sp1/quartus/libraries/megafunctions/abs_divider.inc              ;         ;
; sign_div_unsign.inc              ; yes             ; Megafunction                 ; c:/altera/13.0sp1/quartus/libraries/megafunctions/sign_div_unsign.inc          ;         ;
; aglobal130.inc                   ; yes             ; Megafunction                 ; c:/altera/13.0sp1/quartus/libraries/megafunctions/aglobal130.inc               ;         ;
; db/lpm_divide_qlo.tdf            ; yes             ; Auto-Generated Megafunction  ; C:/Users/Merjem/Desktop/3. godina/PSDS/projekat/finalni/db/lpm_divide_qlo.tdf  ;         ;
; db/abs_divider_4dg.tdf           ; yes             ; Auto-Generated Megafunction  ; C:/Users/Merjem/Desktop/3. godina/PSDS/projekat/finalni/db/abs_divider_4dg.tdf ;         ;
; db/alt_u_div_k5f.tdf             ; yes             ; Auto-Generated Megafunction  ; C:/Users/Merjem/Desktop/3. godina/PSDS/projekat/finalni/db/alt_u_div_k5f.tdf   ;         ;
; db/add_sub_lkc.tdf               ; yes             ; Auto-Generated Megafunction  ; C:/Users/Merjem/Desktop/3. godina/PSDS/projekat/finalni/db/add_sub_lkc.tdf     ;         ;
; db/add_sub_mkc.tdf               ; yes             ; Auto-Generated Megafunction  ; C:/Users/Merjem/Desktop/3. godina/PSDS/projekat/finalni/db/add_sub_mkc.tdf     ;         ;
; db/lpm_abs_0s9.tdf               ; yes             ; Auto-Generated Megafunction  ; C:/Users/Merjem/Desktop/3. godina/PSDS/projekat/finalni/db/lpm_abs_0s9.tdf     ;         ;
; db/lpm_divide_7so.tdf            ; yes             ; Auto-Generated Megafunction  ; C:/Users/Merjem/Desktop/3. godina/PSDS/projekat/finalni/db/lpm_divide_7so.tdf  ;         ;
; db/abs_divider_kbg.tdf           ; yes             ; Auto-Generated Megafunction  ; C:/Users/Merjem/Desktop/3. godina/PSDS/projekat/finalni/db/abs_divider_kbg.tdf ;         ;
; db/alt_u_div_k2f.tdf             ; yes             ; Auto-Generated Megafunction  ; C:/Users/Merjem/Desktop/3. godina/PSDS/projekat/finalni/db/alt_u_div_k2f.tdf   ;         ;
; db/lpm_abs_gq9.tdf               ; yes             ; Auto-Generated Megafunction  ; C:/Users/Merjem/Desktop/3. godina/PSDS/projekat/finalni/db/lpm_abs_gq9.tdf     ;         ;
; db/lpm_divide_mto.tdf            ; yes             ; Auto-Generated Megafunction  ; C:/Users/Merjem/Desktop/3. godina/PSDS/projekat/finalni/db/lpm_divide_mto.tdf  ;         ;
; db/abs_divider_3dg.tdf           ; yes             ; Auto-Generated Megafunction  ; C:/Users/Merjem/Desktop/3. godina/PSDS/projekat/finalni/db/abs_divider_3dg.tdf ;         ;
; db/alt_u_div_i5f.tdf             ; yes             ; Auto-Generated Megafunction  ; C:/Users/Merjem/Desktop/3. godina/PSDS/projekat/finalni/db/alt_u_div_i5f.tdf   ;         ;
; db/lpm_abs_vr9.tdf               ; yes             ; Auto-Generated Megafunction  ; C:/Users/Merjem/Desktop/3. godina/PSDS/projekat/finalni/db/lpm_abs_vr9.tdf     ;         ;
+----------------------------------+-----------------+------------------------------+--------------------------------------------------------------------------------+---------+


+-----------------------------------------------------+
; Analysis & Synthesis Resource Usage Summary         ;
+---------------------------------------------+-------+
; Resource                                    ; Usage ;
+---------------------------------------------+-------+
; Estimated Total logic elements              ; 3,623 ;
;                                             ;       ;
; Total combinational functions               ; 3623  ;
; Logic element usage by number of LUT inputs ;       ;
;     -- 4 input functions                    ; 1125  ;
;     -- 3 input functions                    ; 967   ;
;     -- <=2 input functions                  ; 1531  ;
;                                             ;       ;
; Logic elements by mode                      ;       ;
;     -- normal mode                          ; 2372  ;
;     -- arithmetic mode                      ; 1251  ;
;                                             ;       ;
; Total registers                             ; 345   ;
;     -- Dedicated logic registers            ; 345   ;
;     -- I/O registers                        ; 0     ;
;                                             ;       ;
; I/O pins                                    ; 41    ;
; Embedded Multiplier 9-bit elements          ; 0     ;
; Maximum fan-out node                        ; clk   ;
; Maximum fan-out                             ; 345   ;
; Total fan-out                               ; 11398 ;
; Average fan-out                             ; 2.84  ;
+---------------------------------------------+-------+


+------------------------------------------------------------------------------------------------------------------------------------------------------------------------------------------------------------------------------------------------------------------------------------------------+
; Analysis & Synthesis Resource Utilization by Entity                                                                                                                                                                                                                                            ;
+------------------------------------------+-------------------+--------------+-------------+--------------+---------+-----------+------+--------------+--------------------------------------------------------------------------------------------------------------------------+--------------+
; Compilation Hierarchy Node               ; LC Combinationals ; LC Registers ; Memory Bits ; DSP Elements ; DSP 9x9 ; DSP 18x18 ; Pins ; Virtual Pins ; Full Hierarchy Name                                                                                                      ; Library Name ;
+------------------------------------------+-------------------+--------------+-------------+--------------+---------+-----------+------+--------------+--------------------------------------------------------------------------------------------------------------------------+--------------+
; |upravitelj                              ; 3623 (280)        ; 345 (99)     ; 0           ; 0            ; 0       ; 0         ; 41   ; 0            ; |upravitelj                                                                                                              ; work         ;
;    |FourBit7seg:za_Hex0|                 ; 7 (7)             ; 0 (0)        ; 0           ; 0            ; 0       ; 0         ; 0    ; 0            ; |upravitelj|FourBit7seg:za_Hex0                                                                                          ; work         ;
;    |FourBit7seg:za_Hex4|                 ; 7 (7)             ; 0 (0)        ; 0           ; 0            ; 0       ; 0         ; 0    ; 0            ; |upravitelj|FourBit7seg:za_Hex4                                                                                          ; work         ;
;    |FourBit7seg:za_Hex5|                 ; 7 (7)             ; 0 (0)        ; 0           ; 0            ; 0       ; 0         ; 0    ; 0            ; |upravitelj|FourBit7seg:za_Hex5                                                                                          ; work         ;
;    |buraz:za_buraza|                     ; 283 (179)         ; 159 (95)     ; 0           ; 0            ; 0       ; 0         ; 0    ; 0            ; |upravitelj|buraz:za_buraza                                                                                              ; work         ;
;       |ROM:za_ROM|                       ; 1 (1)             ; 0 (0)        ; 0           ; 0            ; 0       ; 0         ; 0    ; 0            ; |upravitelj|buraz:za_buraza|ROM:za_ROM                                                                                   ; work         ;
;       |buzzer:za_buzzer|                 ; 103 (103)         ; 64 (64)      ; 0           ; 0            ; 0       ; 0         ; 0    ; 0            ; |upravitelj|buraz:za_buraza|buzzer:za_buzzer                                                                             ; work         ;
;    |lpm_divide:Div0|                     ; 496 (0)           ; 0 (0)        ; 0           ; 0            ; 0       ; 0         ; 0    ; 0            ; |upravitelj|lpm_divide:Div0                                                                                              ; work         ;
;       |lpm_divide_7so:auto_generated|    ; 496 (0)           ; 0 (0)        ; 0           ; 0            ; 0       ; 0         ; 0    ; 0            ; |upravitelj|lpm_divide:Div0|lpm_divide_7so:auto_generated                                                                ; work         ;
;          |abs_divider_kbg:divider|       ; 496 (8)           ; 0 (0)        ; 0           ; 0            ; 0       ; 0         ; 0    ; 0            ; |upravitelj|lpm_divide:Div0|lpm_divide_7so:auto_generated|abs_divider_kbg:divider                                        ; work         ;
;             |alt_u_div_k2f:divider|      ; 449 (449)         ; 0 (0)        ; 0           ; 0            ; 0       ; 0         ; 0    ; 0            ; |upravitelj|lpm_divide:Div0|lpm_divide_7so:auto_generated|abs_divider_kbg:divider|alt_u_div_k2f:divider                  ; work         ;
;             |lpm_abs_0s9:my_abs_num|     ; 39 (39)           ; 0 (0)        ; 0           ; 0            ; 0       ; 0         ; 0    ; 0            ; |upravitelj|lpm_divide:Div0|lpm_divide_7so:auto_generated|abs_divider_kbg:divider|lpm_abs_0s9:my_abs_num                 ; work         ;
;    |lpm_divide:Mod0|                     ; 1539 (0)          ; 0 (0)        ; 0           ; 0            ; 0       ; 0         ; 0    ; 0            ; |upravitelj|lpm_divide:Mod0                                                                                              ; work         ;
;       |lpm_divide_qlo:auto_generated|    ; 1539 (0)          ; 0 (0)        ; 0           ; 0            ; 0       ; 0         ; 0    ; 0            ; |upravitelj|lpm_divide:Mod0|lpm_divide_qlo:auto_generated                                                                ; work         ;
;          |abs_divider_4dg:divider|       ; 1539 (9)          ; 0 (0)        ; 0           ; 0            ; 0       ; 0         ; 0    ; 0            ; |upravitelj|lpm_divide:Mod0|lpm_divide_qlo:auto_generated|abs_divider_4dg:divider                                        ; work         ;
;             |alt_u_div_k5f:divider|      ; 1510 (1510)       ; 0 (0)        ; 0           ; 0            ; 0       ; 0         ; 0    ; 0            ; |upravitelj|lpm_divide:Mod0|lpm_divide_qlo:auto_generated|abs_divider_4dg:divider|alt_u_div_k5f:divider                  ; work         ;
;             |lpm_abs_0s9:my_abs_num|     ; 20 (20)           ; 0 (0)        ; 0           ; 0            ; 0       ; 0         ; 0    ; 0            ; |upravitelj|lpm_divide:Mod0|lpm_divide_qlo:auto_generated|abs_divider_4dg:divider|lpm_abs_0s9:my_abs_num                 ; work         ;
;    |sonic:za_sonica|                     ; 1004 (108)        ; 87 (87)      ; 0           ; 0            ; 0       ; 0         ; 0    ; 0            ; |upravitelj|sonic:za_sonica                                                                                              ; work         ;
;       |lpm_divide:Div0|                  ; 896 (0)           ; 0 (0)        ; 0           ; 0            ; 0       ; 0         ; 0    ; 0            ; |upravitelj|sonic:za_sonica|lpm_divide:Div0                                                                              ; work         ;
;          |lpm_divide_mto:auto_generated| ; 896 (0)           ; 0 (0)        ; 0           ; 0            ; 0       ; 0         ; 0    ; 0            ; |upravitelj|sonic:za_sonica|lpm_divide:Div0|lpm_divide_mto:auto_generated                                                ; work         ;
;             |abs_divider_3dg:divider|    ; 896 (46)          ; 0 (0)        ; 0           ; 0            ; 0       ; 0         ; 0    ; 0            ; |upravitelj|sonic:za_sonica|lpm_divide:Div0|lpm_divide_mto:auto_generated|abs_divider_3dg:divider                        ; work         ;
;                |alt_u_div_i5f:divider|   ; 805 (805)         ; 0 (0)        ; 0           ; 0            ; 0       ; 0         ; 0    ; 0            ; |upravitelj|sonic:za_sonica|lpm_divide:Div0|lpm_divide_mto:auto_generated|abs_divider_3dg:divider|alt_u_div_i5f:divider  ; work         ;
;                |lpm_abs_0s9:my_abs_num|  ; 45 (45)           ; 0 (0)        ; 0           ; 0            ; 0       ; 0         ; 0    ; 0            ; |upravitelj|sonic:za_sonica|lpm_divide:Div0|lpm_divide_mto:auto_generated|abs_divider_3dg:divider|lpm_abs_0s9:my_abs_num ; work         ;
+------------------------------------------+-------------------+--------------+-------------+--------------+---------+-----------+------+--------------+--------------------------------------------------------------------------------------------------------------------------+--------------+
Note: For table entries with two numbers listed, the numbers in parentheses indicate the number of resources of the given type used by the specific entity alone. The numbers listed outside of parentheses indicate the total resources of the given type used by the specific entity and all of its sub-entities in the hierarchy.


Encoding Type:  One-Hot
+---------------------------------------------------------------------------------+
; State Machine - |upravitelj|state                                               ;
+----------------+----------------+----------------+----------------+-------------+
; Name           ; state.BRISANJE ; state.SVIRANJE ; state.SNIMANJE ; state.NISTA ;
+----------------+----------------+----------------+----------------+-------------+
; state.NISTA    ; 0              ; 0              ; 0              ; 0           ;
; state.SNIMANJE ; 0              ; 0              ; 1              ; 1           ;
; state.SVIRANJE ; 0              ; 1              ; 0              ; 1           ;
; state.BRISANJE ; 1              ; 0              ; 0              ; 1           ;
+----------------+----------------+----------------+----------------+-------------+


+-------------------------------------------------------------------------------------------------------------+
; User-Specified and Inferred Latches                                                                         ;
+-----------------------------------------------------+------------------------------+------------------------+
; Latch Name                                          ; Latch Enable Signal          ; Free of Timing Hazards ;
+-----------------------------------------------------+------------------------------+------------------------+
; buraz:za_buraza|read_address[0]                     ; buraz:za_buraza|read_address ; yes                    ;
; buraz:za_buraza|read_address[1]                     ; buraz:za_buraza|read_address ; yes                    ;
; adresa_tona_semplirana[1]                           ; Equal10                      ; yes                    ;
; adresa_tona_semplirana[0]                           ; Equal10                      ; yes                    ;
; a_ton5[0]                                           ; Equal9                       ; yes                    ;
; a_ton5[1]                                           ; Equal9                       ; yes                    ;
; a_ton4[0]                                           ; Equal8                       ; yes                    ;
; a_ton4[1]                                           ; Equal8                       ; yes                    ;
; a_ton3[0]                                           ; Equal7                       ; yes                    ;
; a_ton3[1]                                           ; Equal7                       ; yes                    ;
; a_ton2[0]                                           ; Equal6                       ; yes                    ;
; a_ton2[1]                                           ; Equal6                       ; yes                    ;
; a_ton1[0]                                           ; Equal5                       ; yes                    ;
; a_ton1[1]                                           ; Equal5                       ; yes                    ;
; sonic:za_sonica|broj_tipke[1]                       ; GND                          ; yes                    ;
; sonic:za_sonica|broj_tipke[0]                       ; GND                          ; yes                    ;
; Number of user-specified and inferred latches = 16  ;                              ;                        ;
+-----------------------------------------------------+------------------------------+------------------------+
Note: All latches listed above may not be present at the end of synthesis due to various synthesis optimizations.


+-----------------------------------------------------------------------------------+
; Registers Removed During Synthesis                                                ;
+----------------------------------------+------------------------------------------+
; Register name                          ; Reason for Removal                       ;
+----------------------------------------+------------------------------------------+
; buraz:za_buraza|i[0]                   ; Stuck at VCC due to stuck port data_in   ;
; state.NISTA                            ; Lost fanout                              ;
; sonic:za_sonica|distanca[23..31]       ; Merged with sonic:za_sonica|distanca[22] ;
; Total Number of Removed Registers = 11 ;                                          ;
+----------------------------------------+------------------------------------------+


+------------------------------------------------------+
; General Register Statistics                          ;
+----------------------------------------------+-------+
; Statistic                                    ; Value ;
+----------------------------------------------+-------+
; Total registers                              ; 345   ;
; Number of registers using Synchronous Clear  ; 32    ;
; Number of registers using Synchronous Load   ; 0     ;
; Number of registers using Asynchronous Clear ; 194   ;
; Number of registers using Asynchronous Load  ; 0     ;
; Number of registers using Clock Enable       ; 158   ;
; Number of registers using Preset             ; 0     ;
+----------------------------------------------+-------+


+--------------------------------------------------+
; Inverted Register Statistics                     ;
+----------------------------------------+---------+
; Inverted Register                      ; Fan out ;
+----------------------------------------+---------+
; buraz:za_buraza|i[3]                   ; 3       ;
; Total number of inverted registers = 1 ;         ;
+----------------------------------------+---------+


+-------------------------------------------------------------------------------------------------------------------------------------------------------+
; Multiplexer Restructuring Statistics (Restructuring Performed)                                                                                        ;
+--------------------+-----------+---------------+----------------------+------------------------+------------+-----------------------------------------+
; Multiplexer Inputs ; Bus Width ; Baseline Area ; Area if Restructured ; Saving if Restructured ; Registered ; Example Multiplexer Output              ;
+--------------------+-----------+---------------+----------------------+------------------------+------------+-----------------------------------------+
; 3:1                ; 32 bits   ; 64 LEs        ; 32 LEs               ; 32 LEs                 ; Yes        ; |upravitelj|buraz:za_buraza|sekunde[10] ;
; 3:1                ; 32 bits   ; 64 LEs        ; 32 LEs               ; 32 LEs                 ; Yes        ; |upravitelj|i[11]                       ;
; 3:1                ; 32 bits   ; 64 LEs        ; 32 LEs               ; 32 LEs                 ; Yes        ; |upravitelj|sekunde[1]                  ;
; 5:1                ; 2 bits    ; 6 LEs         ; 6 LEs                ; 0 LEs                  ; No         ; |upravitelj|buraz:za_buraza|Mux0        ;
+--------------------+-----------+---------------+----------------------+------------------------+------------+-----------------------------------------+


+------------------------------------------------------------------+
; Parameter Settings for Inferred Entity Instance: lpm_divide:Mod0 ;
+------------------------+----------------+------------------------+
; Parameter Name         ; Value          ; Type                   ;
+------------------------+----------------+------------------------+
; LPM_WIDTHN             ; 32             ; Untyped                ;
; LPM_WIDTHD             ; 32             ; Untyped                ;
; LPM_NREPRESENTATION    ; SIGNED         ; Untyped                ;
; LPM_DREPRESENTATION    ; SIGNED         ; Untyped                ;
; LPM_PIPELINE           ; 0              ; Untyped                ;
; LPM_REMAINDERPOSITIVE  ; FALSE          ; Untyped                ;
; MAXIMIZE_SPEED         ; 5              ; Untyped                ;
; CBXI_PARAMETER         ; lpm_divide_qlo ; Untyped                ;
; CARRY_CHAIN            ; MANUAL         ; Untyped                ;
; OPTIMIZE_FOR_SPEED     ; 5              ; Untyped                ;
; AUTO_CARRY_CHAINS      ; ON             ; AUTO_CARRY             ;
; IGNORE_CARRY_BUFFERS   ; OFF            ; IGNORE_CARRY           ;
; AUTO_CASCADE_CHAINS    ; ON             ; AUTO_CASCADE           ;
; IGNORE_CASCADE_BUFFERS ; OFF            ; IGNORE_CASCADE         ;
+------------------------+----------------+------------------------+
Note: In order to hide this table in the UI and the text report file, please set the "Show Parameter Settings in Synthesis Report" option in "Analysis and Synthesis Settings -> More Settings" to "Off".


+------------------------------------------------------------------+
; Parameter Settings for Inferred Entity Instance: lpm_divide:Div0 ;
+------------------------+----------------+------------------------+
; Parameter Name         ; Value          ; Type                   ;
+------------------------+----------------+------------------------+
; LPM_WIDTHN             ; 32             ; Untyped                ;
; LPM_WIDTHD             ; 5              ; Untyped                ;
; LPM_NREPRESENTATION    ; SIGNED         ; Untyped                ;
; LPM_DREPRESENTATION    ; SIGNED         ; Untyped                ;
; LPM_PIPELINE           ; 0              ; Untyped                ;
; LPM_REMAINDERPOSITIVE  ; FALSE          ; Untyped                ;
; MAXIMIZE_SPEED         ; 5              ; Untyped                ;
; CBXI_PARAMETER         ; lpm_divide_7so ; Untyped                ;
; CARRY_CHAIN            ; MANUAL         ; Untyped                ;
; OPTIMIZE_FOR_SPEED     ; 5              ; Untyped                ;
; AUTO_CARRY_CHAINS      ; ON             ; AUTO_CARRY             ;
; IGNORE_CARRY_BUFFERS   ; OFF            ; IGNORE_CARRY           ;
; AUTO_CASCADE_CHAINS    ; ON             ; AUTO_CASCADE           ;
; IGNORE_CASCADE_BUFFERS ; OFF            ; IGNORE_CASCADE         ;
+------------------------+----------------+------------------------+
Note: In order to hide this table in the UI and the text report file, please set the "Show Parameter Settings in Synthesis Report" option in "Analysis and Synthesis Settings -> More Settings" to "Off".


+----------------------------------------------------------------------------------+
; Parameter Settings for Inferred Entity Instance: sonic:za_sonica|lpm_divide:Div0 ;
+------------------------+----------------+----------------------------------------+
; Parameter Name         ; Value          ; Type                                   ;
+------------------------+----------------+----------------------------------------+
; LPM_WIDTHN             ; 32             ; Untyped                                ;
; LPM_WIDTHD             ; 13             ; Untyped                                ;
; LPM_NREPRESENTATION    ; SIGNED         ; Untyped                                ;
; LPM_DREPRESENTATION    ; SIGNED         ; Untyped                                ;
; LPM_PIPELINE           ; 0              ; Untyped                                ;
; LPM_REMAINDERPOSITIVE  ; FALSE          ; Untyped                                ;
; MAXIMIZE_SPEED         ; 5              ; Untyped                                ;
; CBXI_PARAMETER         ; lpm_divide_mto ; Untyped                                ;
; CARRY_CHAIN            ; MANUAL         ; Untyped                                ;
; OPTIMIZE_FOR_SPEED     ; 5              ; Untyped                                ;
; AUTO_CARRY_CHAINS      ; ON             ; AUTO_CARRY                             ;
; IGNORE_CARRY_BUFFERS   ; OFF            ; IGNORE_CARRY                           ;
; AUTO_CASCADE_CHAINS    ; ON             ; AUTO_CASCADE                           ;
; IGNORE_CASCADE_BUFFERS ; OFF            ; IGNORE_CASCADE                         ;
+------------------------+----------------+----------------------------------------+
Note: In order to hide this table in the UI and the text report file, please set the "Show Parameter Settings in Synthesis Report" option in "Analysis and Synthesis Settings -> More Settings" to "Off".


+-------------------------------+
; Elapsed Time Per Partition    ;
+----------------+--------------+
; Partition Name ; Elapsed Time ;
+----------------+--------------+
; Top            ; 00:00:05     ;
+----------------+--------------+


+-------------------------------+
; Analysis & Synthesis Messages ;
+-------------------------------+
Info: *******************************************************************
Info: Running Quartus II 64-Bit Analysis & Synthesis
    Info: Version 13.0.1 Build 232 06/12/2013 Service Pack 1 SJ Web Edition
    Info: Processing started: Fri Jun 16 14:04:05 2023
Info: Command: quartus_map --read_settings_files=on --write_settings_files=off upravitelj -c upravitelj
Warning (20028): Parallel compilation is not licensed and has been disabled
Info (12021): Found 2 design units, including 1 entities, in source file sonic.vhd
    Info (12022): Found design unit 1: sonic-sonic_arch
    Info (12023): Found entity 1: sonic
Info (12021): Found 2 design units, including 1 entities, in source file buzzer.vhd
    Info (12022): Found design unit 1: buzzer-buzzer_arch
    Info (12023): Found entity 1: buzzer
Info (12021): Found 2 design units, including 1 entities, in source file fifi.vhd
    Info (12022): Found design unit 1: fifi-arch
    Info (12023): Found entity 1: fifi
Info (12021): Found 2 design units, including 1 entities, in source file buraz.vhd
    Info (12022): Found design unit 1: buraz-buraz_arch
    Info (12023): Found entity 1: buraz
Info (12021): Found 2 design units, including 1 entities, in source file seg7.vhd
    Info (12022): Found design unit 1: FourBit7seg-Behavioral
    Info (12023): Found entity 1: FourBit7seg
Info (12021): Found 2 design units, including 1 entities, in source file rom.vhd
    Info (12022): Found design unit 1: ROM-ROM_arch
    Info (12023): Found entity 1: ROM
Info (12021): Found 2 design units, including 1 entities, in source file upravitelj.vhd
    Info (12022): Found design unit 1: upravitelj-upravitelj_arch
    Info (12023): Found entity 1: upravitelj
Info (12127): Elaborating entity "upravitelj" for the top level hierarchy
Warning (10036): Verilog HDL or VHDL warning at upravitelj.vhd(93): object "brisi_fifi" assigned a value but never read
Warning (10541): VHDL Signal Declaration warning at upravitelj.vhd(94): used implicit default value for signal "full_FIFO_signal" because signal was never assigned a value or an explicit default value. Use of implicit default value may introduce unintended design optimizations.
Warning (10036): Verilog HDL or VHDL warning at upravitelj.vhd(96): object "rdEnable" assigned a value but never read
Warning (10036): Verilog HDL or VHDL warning at upravitelj.vhd(96): object "wrEnable" assigned a value but never read
Info (10041): Inferred latch for "adresa_tona_semplirana[0]" at upravitelj.vhd(173)
Info (10041): Inferred latch for "adresa_tona_semplirana[1]" at upravitelj.vhd(173)
Info (10041): Inferred latch for "a_ton5[0]" at upravitelj.vhd(157)
Info (10041): Inferred latch for "a_ton5[1]" at upravitelj.vhd(157)
Info (10041): Inferred latch for "a_ton4[0]" at upravitelj.vhd(156)
Info (10041): Inferred latch for "a_ton4[1]" at upravitelj.vhd(156)
Info (10041): Inferred latch for "a_ton3[0]" at upravitelj.vhd(155)
Info (10041): Inferred latch for "a_ton3[1]" at upravitelj.vhd(155)
Info (10041): Inferred latch for "a_ton2[0]" at upravitelj.vhd(154)
Info (10041): Inferred latch for "a_ton2[1]" at upravitelj.vhd(154)
Info (10041): Inferred latch for "a_ton1[0]" at upravitelj.vhd(153)
Info (10041): Inferred latch for "a_ton1[1]" at upravitelj.vhd(153)
Info (10041): Inferred latch for "state_next.BRISANJE" at upravitelj.vhd(130)
Info (10041): Inferred latch for "state_next.SVIRANJE" at upravitelj.vhd(130)
Info (10041): Inferred latch for "state_next.SNIMANJE" at upravitelj.vhd(130)
Info (10041): Inferred latch for "state_next.NISTA" at upravitelj.vhd(130)
Info (12128): Elaborating entity "sonic" for hierarchy "sonic:za_sonica"
Warning (10036): Verilog HDL or VHDL warning at sonic.vhd(33): object "enable" assigned a value but never read
Info (10041): Inferred latch for "broj_tipke[0]" at sonic.vhd(76)
Info (10041): Inferred latch for "broj_tipke[1]" at sonic.vhd(76)
Info (12128): Elaborating entity "buraz" for hierarchy "buraz:za_buraza"
Info (10041): Inferred latch for "read_address[0]" at buraz.vhd(73)
Info (10041): Inferred latch for "read_address[1]" at buraz.vhd(73)
Info (12128): Elaborating entity "ROM" for hierarchy "buraz:za_buraza|ROM:za_ROM"
Info (12128): Elaborating entity "buzzer" for hierarchy "buraz:za_buraza|buzzer:za_buzzer"
Info (12128): Elaborating entity "FourBit7seg" for hierarchy "FourBit7seg:za_Hex0"
Info (278001): Inferred 3 megafunctions from design logic
    Info (278004): Inferred divider/modulo megafunction ("lpm_divide") from the following logic: "Mod0"
    Info (278004): Inferred divider/modulo megafunction ("lpm_divide") from the following logic: "Div0"
    Info (278004): Inferred divider/modulo megafunction ("lpm_divide") from the following logic: "sonic:za_sonica|Div0"
Info (12130): Elaborated megafunction instantiation "lpm_divide:Mod0"
Info (12133): Instantiated megafunction "lpm_divide:Mod0" with the following parameter:
    Info (12134): Parameter "LPM_WIDTHN" = "32"
    Info (12134): Parameter "LPM_WIDTHD" = "32"
    Info (12134): Parameter "LPM_NREPRESENTATION" = "SIGNED"
    Info (12134): Parameter "LPM_DREPRESENTATION" = "SIGNED"
    Info (12134): Parameter "LPM_HINT" = "LPM_REMAINDERPOSITIVE=FALSE"
Info (12021): Found 1 design units, including 1 entities, in source file db/lpm_divide_qlo.tdf
    Info (12023): Found entity 1: lpm_divide_qlo
Info (12021): Found 1 design units, including 1 entities, in source file db/abs_divider_4dg.tdf
    Info (12023): Found entity 1: abs_divider_4dg
Info (12021): Found 1 design units, including 1 entities, in source file db/alt_u_div_k5f.tdf
    Info (12023): Found entity 1: alt_u_div_k5f
Info (12021): Found 1 design units, including 1 entities, in source file db/add_sub_lkc.tdf
    Info (12023): Found entity 1: add_sub_lkc
Info (12021): Found 1 design units, including 1 entities, in source file db/add_sub_mkc.tdf
    Info (12023): Found entity 1: add_sub_mkc
Info (12021): Found 1 design units, including 1 entities, in source file db/lpm_abs_0s9.tdf
    Info (12023): Found entity 1: lpm_abs_0s9
Info (12130): Elaborated megafunction instantiation "lpm_divide:Div0"
Info (12133): Instantiated megafunction "lpm_divide:Div0" with the following parameter:
    Info (12134): Parameter "LPM_WIDTHN" = "32"
    Info (12134): Parameter "LPM_WIDTHD" = "5"
    Info (12134): Parameter "LPM_NREPRESENTATION" = "SIGNED"
    Info (12134): Parameter "LPM_DREPRESENTATION" = "SIGNED"
    Info (12134): Parameter "LPM_HINT" = "LPM_REMAINDERPOSITIVE=FALSE"
Info (12021): Found 1 design units, including 1 entities, in source file db/lpm_divide_7so.tdf
    Info (12023): Found entity 1: lpm_divide_7so
Info (12021): Found 1 design units, including 1 entities, in source file db/abs_divider_kbg.tdf
    Info (12023): Found entity 1: abs_divider_kbg
Info (12021): Found 1 design units, including 1 entities, in source file db/alt_u_div_k2f.tdf
    Info (12023): Found entity 1: alt_u_div_k2f
Info (12021): Found 1 design units, including 1 entities, in source file db/lpm_abs_gq9.tdf
    Info (12023): Found entity 1: lpm_abs_gq9
Info (12130): Elaborated megafunction instantiation "sonic:za_sonica|lpm_divide:Div0"
Info (12133): Instantiated megafunction "sonic:za_sonica|lpm_divide:Div0" with the following parameter:
    Info (12134): Parameter "LPM_WIDTHN" = "32"
    Info (12134): Parameter "LPM_WIDTHD" = "13"
    Info (12134): Parameter "LPM_NREPRESENTATION" = "SIGNED"
    Info (12134): Parameter "LPM_DREPRESENTATION" = "SIGNED"
    Info (12134): Parameter "LPM_HINT" = "LPM_REMAINDERPOSITIVE=FALSE"
Info (12021): Found 1 design units, including 1 entities, in source file db/lpm_divide_mto.tdf
    Info (12023): Found entity 1: lpm_divide_mto
Info (12021): Found 1 design units, including 1 entities, in source file db/abs_divider_3dg.tdf
    Info (12023): Found entity 1: abs_divider_3dg
Info (12021): Found 1 design units, including 1 entities, in source file db/alt_u_div_i5f.tdf
    Info (12023): Found entity 1: alt_u_div_i5f
Info (12021): Found 1 design units, including 1 entities, in source file db/lpm_abs_vr9.tdf
    Info (12023): Found entity 1: lpm_abs_vr9
Info (13014): Ignored 93 buffer(s)
    Info (13016): Ignored 93 CARRY_SUM buffer(s)
Warning (13024): Output pins are stuck at VCC or GND
    Warning (13410): Pin "full_FIFO" is stuck at GND
Info (17049): 1 registers lost all their fanouts during netlist optimizations.
Info (16010): Generating hard_block partition "hard_block:auto_generated_inst"
    Info (16011): Adding 0 node(s), including 0 DDIO, 0 PLL, 0 transceiver and 0 LCELL
Info (21057): Implemented 3664 device resources after synthesis - the final resource count might be different
    Info (21058): Implemented 5 input pins
    Info (21059): Implemented 36 output pins
    Info (21061): Implemented 3623 logic cells
Info: Quartus II 64-Bit Analysis & Synthesis was successful. 0 errors, 8 warnings
    Info: Peak virtual memory: 4694 megabytes
    Info: Processing ended: Fri Jun 16 14:04:13 2023
    Info: Elapsed time: 00:00:08
    Info: Total CPU time (on all processors): 00:00:07


